May 18 17:54 : exception: Failed to open '/home/topre/.config/mpd/mpdstate': No such file or directory
May 18 17:54 : update: added /Feng Suave - Sink into the Floor (Lyric Video)-XKqU9P3M-lc.mp3
May 18 17:54 : update: added /The Marías - Basta Ya (Live at Krotona)-Gw4OPJBs_r8.mp3
May 18 17:54 : update: added /Men I Trust - Humming man-cc6JAwM29_Y.mp3
May 18 17:54 : update: added /The Marías - Ruthless-3moMHMhiq7c.mp3
May 18 17:54 : update: added /The Marías - Hold It Together-zoDv_Z68Dao.mp3
May 18 17:54 : update: added /Easy-PWK8EuUSMSI.mp3
May 18 17:54 : update: added /Summer Salt - One Last Time-Edj3jWVagBU.mp3
May 18 17:54 : update: added /Jakob Ogawa - You Might Be Sleeping [w. Clairo]-LSL59cd3m9A.mp3
May 18 17:54 : update: added /BETWEEN FRIENDS - affection (Official Video)-uJoMqYumxmA.mp3
May 18 17:54 : update: added /The Marías - Out for the night (Live)-I-2fn6C1YS0.mp3
May 18 17:54 : update: added /Cry - Cigarettes After Sex-3XqqkrJENB4.mp3
May 18 17:54 : update: added /The Marías - I Don't Know You--QMIj7URNm0.mp3
May 18 17:54 : update: added /YMA & GAB - Summer Lover (Clipe Oficial)-O6TXj9rguZ8.mp3
May 18 17:54 : update: added /RINI - Meet Me in Amsterdam [Official Music Video]-FhCuoJuHwQA.mp3
May 18 17:54 : update: added /The Marías - Loverboy (Live)-LBGYHUHctiQ.mp3
May 18 17:54 : update: added /MONSUNE - OUTTA MY MIND-SjgMmo6_DH0.mp3
May 18 17:54 : update: added /K. - Cigarettes After Sex-L4sbDxR22z4.mp3
May 18 17:54 : update: added /Clueless-M5W2IZ_aOOA.mp3
May 18 17:54 : update: added /Brahny - Auburn-7lf7L-71c_4.mp3
May 18 17:54 : update: added /cigarettes after sex - don't let me go _ lyrics-ADzQ4QntwkU.mp3
May 18 17:54 : update: added /Men I Trust - Seven-pnY7m5CK-as.mp3
May 18 17:54 : update: added /Sun Rai - San Francisco Street-9zEl-FQLI4A.mp3
May 18 17:54 : update: added /salami rose joe louis - I miss you so-85kmFwqNIwo.mp3
May 18 17:54 : update: added /Phum Viphurit - Lover Boy [Official Video]-8HnLRrQ3RS4.mp3
May 18 17:54 : update: added /Fazerdaze - Lucky Girl (Official Video)-My4j3vgFxbE.mp3
May 18 17:54 : update: added /The Marías - Only In My Dreams-qrqywuDWz_Q.mp3
May 18 17:54 : update: added /The Marías - Déjate Llevar-7ICS45rZsvo.mp3
May 18 17:54 : update: added /The Walters -- I Love You So-NwFVSclD_uc.mp3
May 18 17:54 : update: added /maye - Tú (Official Music Video)-jhQ4WVJwz7w.mp3
May 18 17:54 : update: added /Show Me How-wSTYIyQxfPQ.mp3
May 18 17:54 : update: added /The Marías - ABQ-0sYbYUumvu4.mp3
May 18 17:54 : update: added /Bahamas - All I've Ever Known-gPjqWwkAymg.mp3
May 18 17:54 : update: added /Affection - Cigarettes After Sex-5soixb2U6xM.mp3
May 18 17:54 : update: added /The Marías - I Like It _ Letra_Lyrics-oKYNeOGxQIM.mp3
May 18 17:54 : update: added /RINI - Oceane ft. Olivia Escuyos (Audio)-CDBL_JjoC1M.mp3
May 18 17:54 : update: added /thesecondsex - in a mood (LYRICS)-zDCObdXvJe4.mp3
May 18 17:54 : update: added /BENEE - Supalonely ft. Gus Dapperton-Rb6Scz-5YOs.mp3
May 18 17:54 : update: added /The Marías - Baby One More Time-YPHn4xSvjNM.mp3
May 18 17:54 : update: added /Low Hum - Comatose-JRLFr6THaTI.mp3
May 18 17:54 : update: added /Phum Viphurit - Softly Spoken [Official Video]-84-NvRbtfrQ.mp3
May 18 17:54 : update: added /Sweet - Cigarettes After Sex-pZ31pyTZdh0.mp3
May 18 17:54 : update: added /peachy - falling for u (feat. mxmtoon)-K7MOOwwoq60.mp3
May 18 17:54 : update: added /Phum Viphurit - Long Gone [Official Video]-hTBPPSNGYi8.mp3
May 18 17:54 : update: added /Tahiti 80 - Hurts (Official Music Video)-wpKWAfoW9dY.mp3
May 18 17:54 : update: added /Apocalypse - Cigarettes After Sex-sElE_BfQ67s.mp3
May 18 17:54 : update: added /Men I Trust - I hope to be around-DviID8Ni7Ns.mp3
May 18 17:54 : update: added /The Marías - Cariño-QHVp9xiUr9U.mp3
May 18 17:54 : update: added /PREP - Who's Got You Singing Again (Official Video)-h-Yiku4Al48.mp3
May 18 17:54 : update: added /Men I Trust - You Deserve This-e6k4-S4HlHk.mp3
May 18 17:54 : update: added /The Marías - Over The Moon-6jiu9TlR11o.mp3
May 18 17:54 : update: added /SALES - big sis-fZ1Jxef2hiE.mp3
May 18 17:58 : player: played "The Marías - I Like It _ Letra_Lyrics-oKYNeOGxQIM.mp3"
May 18 18:02 : player: played "The Marías - Loverboy (Live)-LBGYHUHctiQ.mp3"
May 18 18:05 : player: played "The Marías - Only In My Dreams-qrqywuDWz_Q.mp3"
May 18 18:06 : player: played "The Marías - Only In My Dreams-qrqywuDWz_Q.mp3"
May 18 18:07 : player: played "Jakob Ogawa - You Might Be Sleeping [w. Clairo]-LSL59cd3m9A.mp3"
May 18 18:22 : player: played "Tahiti 80 - Hurts (Official Music Video)-wpKWAfoW9dY.mp3"
May 18 18:28 : player: played "SALES - big sis-fZ1Jxef2hiE.mp3"
May 18 18:32 : player: played "Show Me How-wSTYIyQxfPQ.mp3"
May 18 18:33 : player: played "Summer Salt - One Last Time-Edj3jWVagBU.mp3"
May 18 18:39 : player: played "The Marías - Ruthless-3moMHMhiq7c.mp3"
May 18 18:44 : player: played "cigarettes after sex - don't let me go _ lyrics-ADzQ4QntwkU.mp3"
May 18 18:48 : player: played "Clueless-M5W2IZ_aOOA.mp3"
May 18 18:53 : player: played "Clueless-M5W2IZ_aOOA.mp3"
May 18 18:57 : player: played "Cry - Cigarettes After Sex-3XqqkrJENB4.mp3"
May 18 19:03 : player: played "Easy-PWK8EuUSMSI.mp3"
May 18 19:05 : player: played "Fazerdaze - Lucky Girl (Official Video)-My4j3vgFxbE.mp3"
May 18 19:08 : player: played "Feng Suave - Sink into the Floor (Lyric Video)-XKqU9P3M-lc.mp3"
May 18 22:36 : player: played "Feng Suave - Sink into the Floor (Lyric Video)-XKqU9P3M-lc.mp3"
May 18 22:36 : player: played "Jakob Ogawa - You Might Be Sleeping [w. Clairo]-LSL59cd3m9A.mp3"
May 18 22:40 : update: added /The Marías - Just A Feeling (Official Audio)-z8LEe3DWzTM.mp3
May 18 22:41 : update: added /The Marías - Calling U Back-ic9QuIHlj6Q.mp3
May 18 22:42 : update: added /The Marías - Hush-jFy03i_LRO8.mp3
May 18 22:43 : update: added /The Marías - All I Really Want Is You-ScTkEsOKfvg.mp3
May 18 22:43 : update: added /The Marías - Hable con Ella (Official Audio)-NknLcFe5SQ4.mp3
May 18 22:44 : update: added /The Marías - Little By Little (Official Audio)-dkqHTgdT8-w.mp3
May 18 22:45 : update: added /The Marías - Heavy (Official Audio)-1BCqCgamowo.mp3
May 18 22:46 : update: added /The Marías - Un Millón-cQZDH4NWmaU.mp3
May 18 22:46 : update: added /The Marías - Spin Me Around (Official Audio)-4zya9pwLJik.mp3
May 18 22:47 : update: added /The Marías - The Mice Inside This Room (Official Audio)-4YeQXWojgk0.mp3
May 18 22:48 : update: added /The Marías - To Say Hello (Official Audio)-QhFWi5L7tuY.mp3
May 18 22:49 : update: added /The Marías - Fog as a Bullet (Official Audio)-icRywqWBD2M.mp3
May 18 22:50 : update: added /The Marías - Talk to Her (Official Audio)-CsOLDl6ZSpQ.mp3
May 18 22:51 : update: added /The Marías - CINEMA Album Trailer-Om_TN74uPaU.mp3
May 18 22:51 : update: added /The Marías - CINEMA Tracklist-eC3Iq5IPtIE.mp3
May 19 13:46 : player: played "The Marías - Little By Little (Official Audio)-dkqHTgdT8-w.mp3"
May 19 13:54 : player: played "The Marías - Loverboy (Live)-LBGYHUHctiQ.mp3"
May 19 17:14 : player: played "The Marías - Loverboy (Live)-LBGYHUHctiQ.mp3"
May 22 00:19 : player: played "The Marías - Loverboy (Live)-LBGYHUHctiQ.mp3"
May 22 01:02 : player: played "The Marías - Loverboy (Live)-LBGYHUHctiQ.mp3"
May 22 01:45 : player: played "The Marías - Loverboy (Live)-LBGYHUHctiQ.mp3"
May 22 01:57 : player: played "The Marías - Loverboy (Live)-LBGYHUHctiQ.mp3"
May 22 01:59 : player: played "The Marías - Loverboy (Live)-LBGYHUHctiQ.mp3"
May 22 02:04 : player: played "The Marías - Loverboy (Live)-LBGYHUHctiQ.mp3"
May 22 02:07 : player: played "The Marías - Only In My Dreams-qrqywuDWz_Q.mp3"
May 22 02:20 : player: played "The Marías - Out for the night (Live)-I-2fn6C1YS0.mp3"
May 22 02:24 : player: played "The Marías - Out for the night (Live)-I-2fn6C1YS0.mp3"
May 22 02:27 : player: played "The Marías - Over The Moon-6jiu9TlR11o.mp3"
May 22 02:29 : player: played "The Marías - Ruthless-3moMHMhiq7c.mp3"
May 22 06:13 : player: played "The Marías - Ruthless-3moMHMhiq7c.mp3"
May 22 06:15 : player: played "The Marías - Spin Me Around (Official Audio)-4zya9pwLJik.mp3"
May 22 06:21 : player: played "The Marías - Talk to Her (Official Audio)-CsOLDl6ZSpQ.mp3"
May 22 06:25 : player: played "The Marías - The Mice Inside This Room (Official Audio)-4YeQXWojgk0.mp3"
May 22 06:32 : player: played "The Marías - To Say Hello (Official Audio)-QhFWi5L7tuY.mp3"
May 22 06:37 : player: played "The Marías - To Say Hello (Official Audio)-QhFWi5L7tuY.mp3"
May 22 06:40 : player: played "The Marías - Un Millón-cQZDH4NWmaU.mp3"
May 22 06:43 : player: played "The Walters -- I Love You So-NwFVSclD_uc.mp3"
May 22 06:47 : player: played "thesecondsex - in a mood (LYRICS)-zDCObdXvJe4.mp3"
May 22 06:51 : player: played "YMA & GAB - Summer Lover (Clipe Oficial)-O6TXj9rguZ8.mp3"
May 22 07:59 : player: played "Show Me How-wSTYIyQxfPQ.mp3"
May 22 08:02 : player: played "Summer Salt - One Last Time-Edj3jWVagBU.mp3"
May 22 08:04 : player: played "Sun Rai - San Francisco Street-9zEl-FQLI4A.mp3"
May 22 08:07 : player: played "Sun Rai - San Francisco Street-9zEl-FQLI4A.mp3"
May 22 08:12 : player: played "Sweet - Cigarettes After Sex-pZ31pyTZdh0.mp3"
May 22 08:17 : player: played "Tahiti 80 - Hurts (Official Music Video)-wpKWAfoW9dY.mp3"
May 22 08:19 : player: played "The Marías - ABQ-0sYbYUumvu4.mp3"
May 22 12:13 : player: played "The Marías - ABQ-0sYbYUumvu4.mp3"
May 22 12:16 : player: played "The Marías - All I Really Want Is You-ScTkEsOKfvg.mp3"
May 22 12:18 : player: played "The Marías - Baby One More Time-YPHn4xSvjNM.mp3"
May 22 12:21 : player: played "The Marías - Basta Ya (Live at Krotona)-Gw4OPJBs_r8.mp3"
May 22 12:25 : player: played "The Marías - Calling U Back-ic9QuIHlj6Q.mp3"
May 22 12:29 : player: played "The Marías - Cariño-QHVp9xiUr9U.mp3"
May 22 12:31 : player: played "The Marías - CINEMA Album Trailer-Om_TN74uPaU.mp3"
May 22 12:32 : player: played "The Marías - CINEMA Tracklist-eC3Iq5IPtIE.mp3"
May 22 12:34 : player: played "The Marías - Déjate Llevar-7ICS45rZsvo.mp3"
May 22 12:37 : player: played "The Marías - Fog as a Bullet (Official Audio)-icRywqWBD2M.mp3"
May 22 12:38 : player: played "The Marías - Hable con Ella (Official Audio)-NknLcFe5SQ4.mp3"
May 22 12:42 : player: played "The Marías - Heavy (Official Audio)-1BCqCgamowo.mp3"
